Sieç:
Distributed net, by M.Huhn, P.Niebert, F.Wallner 

Krotnoûç proces¢w: 1

Konfiguracja poczÜtkowa (2):
A
D

Zdarzenia (5):

  1. Zdarzenie: a
     Prekondycja  (2): A C 
     Postkondycja (2): B C 

  2. Zdarzenie: b
     Prekondycja  (1): B 
     Postkondycja (1): A 

  3. Zdarzenie: c
     Prekondycja  (1): C 
     Postkondycja (1): D 

  4. Zdarzenie: d
     Prekondycja  (1): D 
     Postkondycja (1): C 

  5. Zdarzenie: e
     Prekondycja  (2): B D 
     Postkondycja (2): A C 

Procesy (1):

  1. Proces: P
     Akcje (5): a b c d e 

Síownik (10):
  0 - A
  1 - B
  2 - C
  3 - D
  4 - P
  5 - a
  6 - b
  7 - c
  8 - d
  9 - e

