Sieç:
Mutex (5 & 6 - critical section) - see Mutex_2

Iloûç proces¢w: 1

Konfiguracja poczÜtkowa (3):
01
02
07

Zdarzenia (8):

  1. Zdarzenie: a
     Prekondycja  (1): 01 
     Postkondycja (1): 03 

  2. Zdarzenie: b
     Prekondycja  (2): 03 08 
     Postkondycja (2): 05 10 

  3. Zdarzenie: c
     Prekondycja  (2): 05 10 
     Postkondycja (2): 01 07 

  4. Zdarzenie: d
     Prekondycja  (1): 02 
     Postkondycja (1): 04 

  5. Zdarzenie: e
     Prekondycja  (2): 04 09 
     Postkondycja (2): 06 11 

  6. Zdarzenie: f
     Prekondycja  (2): 06 11 
     Postkondycja (2): 02 07 

  7. Zdarzenie: g
     Prekondycja  (1): 07 
     Postkondycja (1): 08 

  8. Zdarzenie: h
     Prekondycja  (1): 07 
     Postkondycja (1): 09 

Procesy (3):

  1. Proces: P0
     Akcje (6): b c e f g h 

  2. Proces: P1
     Akcje (3): a b c 

  3. Proces: P2
     Akcje (3): d e f 

Síownik (22):
  0 - 01
  1 - 02
  2 - 03
  3 - 04
  4 - 05
  5 - 06
  6 - 07
  7 - 08
  8 - 09
  9 - 10
 10 - 11
 11 - P0
 12 - P1
 13 - P2
 14 - a
 15 - b
 16 - c
 17 - d
 18 - e
 19 - f
 20 - g
 21 - h

