Sieç:
Mutex (5.1 & 5.2 - critical section)

Krotnoûç proces¢w: 2

Konfiguracja poczÜtkowa (3):
1.1
1.2
7

Zdarzenia (8):

  1. Zdarzenie: a.1
     Prekondycja  (1): 1.1 
     Postkondycja (1): 3.1 

  2. Zdarzenie: b.1
     Prekondycja  (2): 3.1 8.1 
     Postkondycja (2): 10.1 5.1 

  3. Zdarzenie: c.1
     Prekondycja  (2): 10.1 5.1 
     Postkondycja (2): 1.1 7 

  4. Zdarzenie: g.1
     Prekondycja  (1): 7 
     Postkondycja (1): 8.1 

  5. Zdarzenie: a.2
     Prekondycja  (1): 1.2 
     Postkondycja (1): 3.2 

  6. Zdarzenie: b.2
     Prekondycja  (2): 3.2 8.2 
     Postkondycja (2): 10.2 5.2 

  7. Zdarzenie: c.2
     Prekondycja  (2): 10.2 5.2 
     Postkondycja (2): 1.2 7 

  8. Zdarzenie: g.2
     Prekondycja  (1): 7 
     Postkondycja (1): 8.2 

Procesy (3):

  1. Proces: P.1
     Akcje (3): a.1 b.1 c.1 

  2. Proces: P.2
     Akcje (3): a.2 b.2 c.2 

  3. Proces: P0
     Akcje (6): b.1 c.1 g.1 b.2 c.2 g.2 

Síownik (22):
  0 - 1.1
  1 - 10.1
  2 - 3.1
  3 - 5.1
  4 - 8.1
  5 - P.1
  6 - a.1
  7 - b.1
  8 - c.1
  9 - g.1
 10 - 1.2
 11 - 10.2
 12 - 3.2
 13 - 5.2
 14 - 8.2
 15 - P.2
 16 - a.2
 17 - b.2
 18 - c.2
 19 - g.2
 20 - 7
 21 - P0

