Sieç:
Net 01

Iloûç proces¢w: 1

Konfiguracja poczÜtkowa (3):
1
4
7

Zdarzenia (6):

  1. Zdarzenie: a
     Prekondycja  (2): 1 7 
     Postkondycja (1): 2 

  2. Zdarzenie: b
     Prekondycja  (1): 2 
     Postkondycja (2): 3 7 

  3. Zdarzenie: c
     Prekondycja  (1): 3 
     Postkondycja (1): 1 

  4. Zdarzenie: d
     Prekondycja  (2): 4 7 
     Postkondycja (1): 5 

  5. Zdarzenie: e
     Prekondycja  (1): 5 
     Postkondycja (2): 6 7 

  6. Zdarzenie: f
     Prekondycja  (1): 6 
     Postkondycja (1): 4 

Síownik (13):
  0 - 1
  1 - 2
  2 - 3
  3 - 4
  4 - 5
  5 - 6
  6 - 7
  7 - a
  8 - b
  9 - c
 10 - d
 11 - e
 12 - f

