Sieç:
Toy 2 - global state space = 2^k states, after reduction k+1 states

Krotnoûç proces¢w: 3

Konfiguracja poczÜtkowa (3):
1.1
1.2
1.3

Zdarzenia (3):

  1. Zdarzenie: a.1
     Prekondycja  (1): 1.1 
     Postkondycja (1): k+1.1 

  2. Zdarzenie: a.2
     Prekondycja  (1): 1.2 
     Postkondycja (1): k+1.2 

  3. Zdarzenie: a.3
     Prekondycja  (1): 1.3 
     Postkondycja (1): k+1.3 

Procesy (3):

  1. Proces: P.1
     Akcje (1): a.1 

  2. Proces: P.2
     Akcje (1): a.2 

  3. Proces: P.3
     Akcje (1): a.3 

Síownik (12):
  0 - 1.1
  1 - P.1
  2 - a.1
  3 - k+1.1
  4 - 1.2
  5 - P.2
  6 - a.2
  7 - k+1.2
  8 - 1.3
  9 - P.3
 10 - a.3
 11 - k+1.3

