Sieç:
Toy 8 - Toy 3 with renamed elements

Krotnoûç proces¢w: 3

Konfiguracja poczÜtkowa (3):
3.1
3.2
3.3

Zdarzenia (7):

  1. Zdarzenie: a.1
     Prekondycja  (1): 1.1 
     Postkondycja (1): 2.1 

  2. Zdarzenie: b.1
     Prekondycja  (1): 2.1 
     Postkondycja (1): 3.1 

  3. Zdarzenie: a.2
     Prekondycja  (1): 1.2 
     Postkondycja (1): 2.2 

  4. Zdarzenie: b.2
     Prekondycja  (1): 2.2 
     Postkondycja (1): 3.2 

  5. Zdarzenie: a.3
     Prekondycja  (1): 1.3 
     Postkondycja (1): 2.3 

  6. Zdarzenie: b.3
     Prekondycja  (1): 2.3 
     Postkondycja (1): 3.3 

  7. Zdarzenie: c
     Prekondycja  (3): 3.1 3.2 3.3 
     Postkondycja (3): 1.1 1.2 1.3 

Procesy (3):

  1. Proces: P.1
     Akcje (3): a.1 b.1 c 

  2. Proces: P.2
     Akcje (3): a.2 b.2 c 

  3. Proces: P.3
     Akcje (3): a.3 b.3 c 

Síownik (19):
  0 - 1.1
  1 - 2.1
  2 - 3.1
  3 - P.1
  4 - a.1
  5 - b.1
  6 - 1.2
  7 - 2.2
  8 - 3.2
  9 - P.2
 10 - a.2
 11 - b.2
 12 - 1.3
 13 - 2.3
 14 - 3.3
 15 - P.3
 16 - a.3
 17 - b.3
 18 - c

