Sieç:
Toy 8 - Toy 3 with renamed elements

Krotnoûç proces¢w: 1

Konfiguracja poczÜtkowa (3):
1
4
7

Zdarzenia (7):

  1. Zdarzenie: a
     Prekondycja  (1): 1 
     Postkondycja (1): 2 

  2. Zdarzenie: b
     Prekondycja  (1): 2 
     Postkondycja (1): 3 

  3. Zdarzenie: c
     Prekondycja  (3): 3 6 9 
     Postkondycja (3): 1 4 7 

  4. Zdarzenie: d
     Prekondycja  (1): 4 
     Postkondycja (1): 5 

  5. Zdarzenie: e
     Prekondycja  (1): 5 
     Postkondycja (1): 6 

  6. Zdarzenie: f
     Prekondycja  (1): 7 
     Postkondycja (1): 8 

  7. Zdarzenie: g
     Prekondycja  (1): 8 
     Postkondycja (1): 9 

Procesy (3):

  1. Proces: P1
     Akcje (3): a b c 

  2. Proces: P2
     Akcje (3): c d e 

  3. Proces: P3
     Akcje (3): c f g 

Síownik (19):
  0 - 1
  1 - 2
  2 - 3
  3 - 4
  4 - 5
  5 - 6
  6 - 7
  7 - 8
  8 - 9
  9 - P1
 10 - P2
 11 - P3
 12 - a
 13 - b
 14 - c
 15 - d
 16 - e
 17 - f
 18 - g

