Sieç:
Toy 7 - Toy 5 + sync at middle

Krotnoûç proces¢w: 3

Konfiguracja poczÜtkowa (3):
1.1
1.2
1.3

Zdarzenia (7):

  1. Zdarzenie: a.1
     Prekondycja  (1): 1.1 
     Postkondycja (1): 2.1 

  2. Zdarzenie: c.1
     Prekondycja  (1): 3.1 
     Postkondycja (1): k+1.1 

  3. Zdarzenie: a.2
     Prekondycja  (1): 1.2 
     Postkondycja (1): 2.2 

  4. Zdarzenie: c.2
     Prekondycja  (1): 3.2 
     Postkondycja (1): k+1.2 

  5. Zdarzenie: a.3
     Prekondycja  (1): 1.3 
     Postkondycja (1): 2.3 

  6. Zdarzenie: c.3
     Prekondycja  (1): 3.3 
     Postkondycja (1): k+1.3 

  7. Zdarzenie: b
     Prekondycja  (3): 2.1 2.2 2.3 
     Postkondycja (3): 3.1 3.2 3.3 

Procesy (3):

  1. Proces: P.1
     Akcje (3): a.1 c.1 b 

  2. Proces: P.2
     Akcje (3): a.2 c.2 b 

  3. Proces: P.3
     Akcje (3): a.3 c.3 b 

Síownik (22):
  0 - 1.1
  1 - 2.1
  2 - 3.1
  3 - P.1
  4 - a.1
  5 - c.1
  6 - k+1.1
  7 - 1.2
  8 - 2.2
  9 - 3.2
 10 - P.2
 11 - a.2
 12 - c.2
 13 - k+1.2
 14 - 1.3
 15 - 2.3
 16 - 3.3
 17 - P.3
 18 - a.3
 19 - c.3
 20 - k+1.3
 21 - b

